<?xml version="1.0" encoding="UTF-8"?>
<coverage generated="1776071017083" clover="3.2.0">
  <project timestamp="1776071017084" name="All files">
    <metrics statements="26" coveredstatements="19" conditionals="10" coveredconditionals="8" methods="7" coveredmethods="4" elements="43" coveredelements="31" complexity="0" loc="26" ncloc="26" packages="1" files="1" classes="1"/>
    <file name="Form.jsx" path="C:\Users\ASUS\workspace\fsd2\Testing\Frontend\src\components\Form.jsx">
      <metrics statements="26" coveredstatements="19" conditionals="10" coveredconditionals="8" methods="7" coveredmethods="4"/>
      <line num="14" count="8" type="stmt"/>
      <line num="15" count="8" type="stmt"/>
      <line num="16" count="8" type="stmt"/>
      <line num="17" count="8" type="stmt"/>
      <line num="18" count="8" type="stmt"/>
      <line num="19" count="8" type="stmt"/>
      <line num="21" count="8" type="stmt"/>
      <line num="22" count="2" type="stmt"/>
      <line num="24" count="2" type="stmt"/>
      <line num="27" count="2" type="cond" truecount="3" falsecount="1"/>
      <line num="28" count="0" type="stmt"/>
      <line num="29" count="0" type="stmt"/>
      <line num="32" count="2" type="cond" truecount="1" falsecount="1"/>
      <line num="33" count="0" type="stmt"/>
      <line num="34" count="0" type="stmt"/>
      <line num="37" count="2" type="cond" truecount="2" falsecount="0"/>
      <line num="38" count="1" type="stmt"/>
      <line num="39" count="1" type="stmt"/>
      <line num="43" count="1" type="stmt"/>
      <line num="44" count="1" type="stmt"/>
      <line num="47" count="8" type="stmt"/>
      <line num="58" count="0" type="stmt"/>
      <line num="66" count="2" type="stmt"/>
      <line num="75" count="2" type="stmt"/>
      <line num="80" count="0" type="stmt"/>
      <line num="91" count="0" type="stmt"/>
    </file>
  </project>
</coverage>
