{"C:\\Users\\ASUS\\workspace\\fsd2\\Testing\\Frontend\\src\\components\\Form.jsx": {"path":"C:\\Users\\ASUS\\workspace\\fsd2\\Testing\\Frontend\\src\\components\\Form.jsx","statementMap":{"0":{"start":{"line":14,"column":22},"end":{"line":14,"column":null}},"1":{"start":{"line":15,"column":24},"end":{"line":15,"column":null}},"2":{"start":{"line":16,"column":30},"end":{"line":16,"column":null}},"3":{"start":{"line":17,"column":26},"end":{"line":17,"column":null}},"4":{"start":{"line":18,"column":24},"end":{"line":18,"column":null}},"5":{"start":{"line":19,"column":24},"end":{"line":19,"column":null}},"6":{"start":{"line":21,"column":23},"end":{"line":45,"column":null}},"7":{"start":{"line":22,"column":4},"end":{"line":22,"column":null}},"8":{"start":{"line":24,"column":25},"end":{"line":24,"column":null}},"9":{"start":{"line":27,"column":4},"end":{"line":30,"column":null}},"10":{"start":{"line":28,"column":6},"end":{"line":28,"column":null}},"11":{"start":{"line":29,"column":6},"end":{"line":29,"column":null}},"12":{"start":{"line":32,"column":4},"end":{"line":35,"column":null}},"13":{"start":{"line":33,"column":6},"end":{"line":33,"column":null}},"14":{"start":{"line":34,"column":6},"end":{"line":34,"column":null}},"15":{"start":{"line":37,"column":4},"end":{"line":40,"column":null}},"16":{"start":{"line":38,"column":6},"end":{"line":38,"column":null}},"17":{"start":{"line":39,"column":6},"end":{"line":39,"column":null}},"18":{"start":{"line":43,"column":4},"end":{"line":43,"column":null}},"19":{"start":{"line":44,"column":4},"end":{"line":44,"column":null}},"20":{"start":{"line":47,"column":2},"end":{"line":104,"column":null}},"21":{"start":{"line":58,"column":29},"end":{"line":58,"column":null}},"22":{"start":{"line":66,"column":29},"end":{"line":66,"column":null}},"23":{"start":{"line":75,"column":29},"end":{"line":75,"column":null}},"24":{"start":{"line":80,"column":29},"end":{"line":80,"column":null}},"25":{"start":{"line":91,"column":33},"end":{"line":91,"column":null}}},"fnMap":{"0":{"name":"Form","decl":{"start":{"line":13,"column":24},"end":{"line":13,"column":31}},"loc":{"start":{"line":13,"column":31},"end":{"line":106,"column":null}},"line":13},"1":{"name":"(anonymous_1)","decl":{"start":{"line":21,"column":23},"end":{"line":21,"column":24}},"loc":{"start":{"line":21,"column":30},"end":{"line":45,"column":null}},"line":21},"2":{"name":"(anonymous_2)","decl":{"start":{"line":58,"column":22},"end":{"line":58,"column":23}},"loc":{"start":{"line":58,"column":29},"end":{"line":58,"column":null}},"line":58},"3":{"name":"(anonymous_3)","decl":{"start":{"line":66,"column":22},"end":{"line":66,"column":23}},"loc":{"start":{"line":66,"column":29},"end":{"line":66,"column":null}},"line":66},"4":{"name":"(anonymous_4)","decl":{"start":{"line":75,"column":22},"end":{"line":75,"column":23}},"loc":{"start":{"line":75,"column":29},"end":{"line":75,"column":null}},"line":75},"5":{"name":"(anonymous_5)","decl":{"start":{"line":80,"column":22},"end":{"line":80,"column":23}},"loc":{"start":{"line":80,"column":29},"end":{"line":80,"column":null}},"line":80},"6":{"name":"(anonymous_6)","decl":{"start":{"line":91,"column":26},"end":{"line":91,"column":27}},"loc":{"start":{"line":91,"column":33},"end":{"line":91,"column":null}},"line":91}},"branchMap":{"0":{"loc":{"start":{"line":27,"column":4},"end":{"line":30,"column":null}},"type":"if","locations":[{"start":{"line":27,"column":4},"end":{"line":30,"column":null}},{"start":{},"end":{}}],"line":27},"1":{"loc":{"start":{"line":27,"column":8},"end":{"line":27,"column":41}},"type":"binary-expr","locations":[{"start":{"line":27,"column":8},"end":{"line":27,"column":24}},{"start":{"line":27,"column":24},"end":{"line":27,"column":41}}],"line":27},"2":{"loc":{"start":{"line":32,"column":4},"end":{"line":35,"column":null}},"type":"if","locations":[{"start":{"line":32,"column":4},"end":{"line":35,"column":null}},{"start":{},"end":{}}],"line":32},"3":{"loc":{"start":{"line":37,"column":4},"end":{"line":40,"column":null}},"type":"if","locations":[{"start":{"line":37,"column":4},"end":{"line":40,"column":null}},{"start":{},"end":{}}],"line":37},"4":{"loc":{"start":{"line":97,"column":11},"end":{"line":97,"column":null}},"type":"binary-expr","locations":[{"start":{"line":97,"column":11},"end":{"line":97,"column":20}},{"start":{"line":97,"column":20},"end":{"line":97,"column":null}}],"line":97}},"s":{"0":8,"1":8,"2":8,"3":8,"4":8,"5":8,"6":8,"7":2,"8":2,"9":2,"10":0,"11":0,"12":2,"13":0,"14":0,"15":2,"16":1,"17":1,"18":1,"19":1,"20":8,"21":0,"22":2,"23":2,"24":0,"25":0},"f":{"0":8,"1":2,"2":0,"3":2,"4":2,"5":0,"6":0},"b":{"0":[0,2],"1":[2,2],"2":[0,2],"3":[1,1],"4":[8,1]},"meta":{"lastBranch":5,"lastFunction":7,"lastStatement":26,"seen":{"f:13:24:13:31":0,"s:14:22:14:Infinity":0,"s:15:24:15:Infinity":1,"s:16:30:16:Infinity":2,"s:17:26:17:Infinity":3,"s:18:24:18:Infinity":4,"s:19:24:19:Infinity":5,"s:21:23:45:Infinity":6,"f:21:23:21:24":1,"s:22:4:22:Infinity":7,"s:24:25:24:Infinity":8,"b:27:4:30:Infinity:undefined:undefined:undefined:undefined":0,"s:27:4:30:Infinity":9,"b:27:8:27:24:27:24:27:41":1,"s:28:6:28:Infinity":10,"s:29:6:29:Infinity":11,"b:32:4:35:Infinity:undefined:undefined:undefined:undefined":2,"s:32:4:35:Infinity":12,"s:33:6:33:Infinity":13,"s:34:6:34:Infinity":14,"b:37:4:40:Infinity:undefined:undefined:undefined:undefined":3,"s:37:4:40:Infinity":15,"s:38:6:38:Infinity":16,"s:39:6:39:Infinity":17,"s:43:4:43:Infinity":18,"s:44:4:44:Infinity":19,"s:47:2:104:Infinity":20,"f:58:22:58:23":2,"s:58:29:58:Infinity":21,"f:66:22:66:23":3,"s:66:29:66:Infinity":22,"f:75:22:75:23":4,"s:75:29:75:Infinity":23,"f:80:22:80:23":5,"s:80:29:80:Infinity":24,"f:91:26:91:27":6,"s:91:33:91:Infinity":25,"b:97:11:97:20:97:20:97:Infinity":4}}}
}
